Reading Digi raw data now... at 2020/11/03 17:00:01
Reading BS raw data now... at 2020/11/03 17:00:08
Reading CS raw data now... at 2020/11/03 17:00:18
Extracting links for Digi program now... at 2020/11/03 17:02:58
Extracting links for BS program now...
Extracting links for CS program now...
Loading program data from links...
Reading Digi program data now... at 2020/11/03 17:03:16
No exceptions in DG !!
Reading BS program data now... at 2020/11/03 17:09:03
No exceptions in BS !!
Reading CS program data now... at 2020/11/03 17:20:56
No exceptions in CS !!
Data reading done. Now cleaning the data... at 2020/11/03 17:56:59
Categorizing to groups... at 2020/11/03 17:57:23
Keyword search ... at 2020/11/03 17:57:24
Completed !!! at 2020/11/03 18:01:03
Reading Digi raw data now... at 2020/11/04 17:00:01
Reading BS raw data now... at 2020/11/04 17:00:08
Reading CS raw data now... at 2020/11/04 17:00:19
Extracting links for Digi program now... at 2020/11/04 17:02:48
Extracting links for BS program now...
Extracting links for CS program now...
Loading program data from links...
Reading Digi program data now... at 2020/11/04 17:03:05
No exceptions in DG !!
Reading BS program data now... at 2020/11/04 17:08:23
No exceptions in BS !!
Reading CS program data now... at 2020/11/04 17:19:28
No exceptions in CS !!
Data reading done. Now cleaning the data... at 2020/11/04 17:50:51
Categorizing to groups... at 2020/11/04 17:51:15
Keyword search ... at 2020/11/04 17:51:16
Completed !!! at 2020/11/04 17:55:02
